<?xml version="1.0" encoding="UTF-8"?>
<!-- Generated by org.testng.reporters.JUnitReportReporter -->
<testsuite skipped="0" hostname="LAPTOP-1DEC1BEU" name="POM.TestCase3" tests="1" failures="0" timestamp="2020-12-28T23:12:47 IST" time="32.896" errors="0">
  <testcase name="testcase3" time="32.896" classname="POM.TestCase3"/>
</testsuite> <!-- POM.TestCase3 -->
