<?xml version="1.0" encoding="UTF-8"?>
<!-- Generated by org.testng.reporters.JUnitReportReporter -->
<testsuite skipped="0" hostname="LAPTOP-1DEC1BEU" name="POM.TestCase1" tests="1" failures="0" timestamp="2020-12-28T23:02:00 IST" time="63.665" errors="0">
  <testcase name="testCase" time="63.665" classname="POM.TestCase1"/>
</testsuite> <!-- POM.TestCase1 -->
