<?xml version="1.0" encoding="UTF-8"?>
<!-- Generated by org.testng.reporters.JUnitReportReporter -->
<testsuite skipped="0" hostname="LAPTOP-1DEC1BEU" name="TestNg.ParallelExecution" tests="2" failures="0" timestamp="2020-12-29T17:27:34 IST" time="52.088" errors="0">
  <testcase name="test" time="28.456" classname="TestNg.ParallelExecution"/>
  <testcase name="test" time="23.632" classname="TestNg.ParallelExecution"/>
</testsuite> <!-- TestNg.ParallelExecution -->
