<?xml version="1.0" encoding="UTF-8"?>
<!-- Generated by org.testng.reporters.JUnitReportReporter -->
<testsuite skipped="0" hostname="LAPTOP-1DEC1BEU" name="TestNg.Testdata1" tests="3" failures="0" timestamp="2020-12-29T20:07:40 IST" time="39.210" errors="0">
  <testcase name="demo" time="12.674" classname="TestNg.Testdata1"/>
  <testcase name="demo" time="14.070" classname="TestNg.Testdata1"/>
  <testcase name="demo" time="12.466" classname="TestNg.Testdata1"/>
</testsuite> <!-- TestNg.Testdata1 -->
