<?xml version="1.0" encoding="UTF-8"?>
<!-- Generated by org.testng.reporters.JUnitReportReporter -->
<testsuite skipped="0" hostname="LAPTOP-1DEC1BEU" name="POM.TestCase2" tests="1" failures="0" timestamp="2020-12-28T23:07:45 IST" time="21.243" errors="0">
  <testcase name="testcase2" time="21.243" classname="POM.TestCase2"/>
</testsuite> <!-- POM.TestCase2 -->
