<?xml version="1.0" encoding="UTF-8"?>
<!-- Generated by org.testng.reporters.JUnitReportReporter -->
<testsuite skipped="0" hostname="LAPTOP-1DEC1BEU" name="TestNg.test0" tests="5" failures="0" timestamp="2020-12-28T17:10:43 IST" time="0.015" errors="0">
  <testcase name="chats" time="0.001" classname="TestNg.test0"/>
  <testcase name="chats" time="0.001" classname="TestNg.test0"/>
  <testcase name="chats" time="0.011" classname="TestNg.test0"/>
  <testcase name="settings" time="0.001" classname="TestNg.test0"/>
  <testcase name="calls" time="0.001" classname="TestNg.test0"/>
</testsuite> <!-- TestNg.test0 -->
